{"C:\\Users\\LENOVO\\Desktop\\CEDT\\SE Project\\SE-test\\se-project-be-68-2-we-are-greenflag\\controllers\\coworkings.js": {"path":"C:\\Users\\LENOVO\\Desktop\\CEDT\\SE Project\\SE-test\\se-project-be-68-2-we-are-greenflag\\controllers\\coworkings.js","statementMap":{"0":{"start":{"line":1,"column":18},"end":{"line":1,"column":48}},"1":{"start":{"line":6,"column":0},"end":{"line":19,"column":2}},"2":{"start":{"line":7,"column":4},"end":{"line":18,"column":5}},"3":{"start":{"line":9,"column":27},"end":{"line":9,"column":49}},"4":{"start":{"line":11,"column":8},"end":{"line":15,"column":11}},"5":{"start":{"line":17,"column":8},"end":{"line":17,"column":49}},"6":{"start":{"line":23,"column":0},"end":{"line":33,"column":2}},"7":{"start":{"line":24,"column":4},"end":{"line":32,"column":5}},"8":{"start":{"line":25,"column":26},"end":{"line":25,"column":90}},"9":{"start":{"line":26,"column":8},"end":{"line":28,"column":9}},"10":{"start":{"line":27,"column":12},"end":{"line":27,"column":98}},"11":{"start":{"line":29,"column":8},"end":{"line":29,"column":65}},"12":{"start":{"line":31,"column":8},"end":{"line":31,"column":71}},"13":{"start":{"line":38,"column":0},"end":{"line":45,"column":2}},"14":{"start":{"line":39,"column":4},"end":{"line":44,"column":5}},"15":{"start":{"line":40,"column":26},"end":{"line":40,"column":58}},"16":{"start":{"line":41,"column":8},"end":{"line":41,"column":65}},"17":{"start":{"line":43,"column":8},"end":{"line":43,"column":71}},"18":{"start":{"line":50,"column":0},"end":{"line":64,"column":2}},"19":{"start":{"line":51,"column":4},"end":{"line":63,"column":5}},"20":{"start":{"line":53,"column":26},"end":{"line":56,"column":10}},"21":{"start":{"line":57,"column":8},"end":{"line":59,"column":9}},"22":{"start":{"line":58,"column":12},"end":{"line":58,"column":98}},"23":{"start":{"line":60,"column":8},"end":{"line":60,"column":65}},"24":{"start":{"line":62,"column":8},"end":{"line":62,"column":71}},"25":{"start":{"line":69,"column":0},"end":{"line":88,"column":2}},"26":{"start":{"line":70,"column":4},"end":{"line":87,"column":5}},"27":{"start":{"line":71,"column":26},"end":{"line":71,"column":65}},"28":{"start":{"line":73,"column":8},"end":{"line":75,"column":9}},"29":{"start":{"line":74,"column":12},"end":{"line":74,"column":98}},"30":{"start":{"line":76,"column":28},"end":{"line":76,"column":60}},"31":{"start":{"line":77,"column":8},"end":{"line":77,"column":67}},"32":{"start":{"line":79,"column":8},"end":{"line":79,"column":36}},"33":{"start":{"line":81,"column":8},"end":{"line":81,"column":58}},"34":{"start":{"line":83,"column":8},"end":{"line":86,"column":11}}},"fnMap":{"0":{"name":"(anonymous_0)","decl":{"start":{"line":6,"column":24},"end":{"line":6,"column":25}},"loc":{"start":{"line":6,"column":50},"end":{"line":19,"column":1}},"line":6},"1":{"name":"(anonymous_1)","decl":{"start":{"line":23,"column":23},"end":{"line":23,"column":24}},"loc":{"start":{"line":23,"column":49},"end":{"line":33,"column":1}},"line":23},"2":{"name":"(anonymous_2)","decl":{"start":{"line":38,"column":26},"end":{"line":38,"column":27}},"loc":{"start":{"line":38,"column":52},"end":{"line":45,"column":1}},"line":38},"3":{"name":"(anonymous_3)","decl":{"start":{"line":50,"column":26},"end":{"line":50,"column":27}},"loc":{"start":{"line":50,"column":52},"end":{"line":64,"column":1}},"line":50},"4":{"name":"(anonymous_4)","decl":{"start":{"line":69,"column":26},"end":{"line":69,"column":27}},"loc":{"start":{"line":69,"column":52},"end":{"line":88,"column":1}},"line":69}},"branchMap":{"0":{"loc":{"start":{"line":26,"column":8},"end":{"line":28,"column":9}},"type":"if","locations":[{"start":{"line":26,"column":8},"end":{"line":28,"column":9}},{"start":{},"end":{}}],"line":26},"1":{"loc":{"start":{"line":57,"column":8},"end":{"line":59,"column":9}},"type":"if","locations":[{"start":{"line":57,"column":8},"end":{"line":59,"column":9}},{"start":{},"end":{}}],"line":57},"2":{"loc":{"start":{"line":73,"column":8},"end":{"line":75,"column":9}},"type":"if","locations":[{"start":{"line":73,"column":8},"end":{"line":75,"column":9}},{"start":{},"end":{}}],"line":73}},"s":{"0":1,"1":1,"2":2,"3":2,"4":1,"5":1,"6":1,"7":3,"8":3,"9":2,"10":1,"11":1,"12":1,"13":1,"14":2,"15":2,"16":1,"17":1,"18":1,"19":3,"20":3,"21":2,"22":1,"23":1,"24":1,"25":1,"26":3,"27":3,"28":2,"29":1,"30":1,"31":1,"32":1,"33":1,"34":1},"f":{"0":2,"1":3,"2":2,"3":3,"4":3},"b":{"0":[1,1],"1":[1,1],"2":[1,1]},"_coverageSchema":"1a1c01bbd47fc00a2c39e90264f33305004495a9","hash":"ec6da2a6d765adfb955eba313204117723a4662d"}
,"C:\\Users\\LENOVO\\Desktop\\CEDT\\SE Project\\SE-test\\se-project-be-68-2-we-are-greenflag\\models\\Coworking.js": {"path":"C:\\Users\\LENOVO\\Desktop\\CEDT\\SE Project\\SE-test\\se-project-be-68-2-we-are-greenflag\\models\\Coworking.js","statementMap":{"0":{"start":{"line":1,"column":17},"end":{"line":1,"column":36}},"1":{"start":{"line":3,"column":24},"end":{"line":64,"column":1}},"2":{"start":{"line":66,"column":0},"end":{"line":71,"column":3}},"3":{"start":{"line":73,"column":0},"end":{"line":73,"column":62}}},"fnMap":{},"branchMap":{},"s":{"0":1,"1":1,"2":1,"3":1},"f":{},"b":{},"_coverageSchema":"1a1c01bbd47fc00a2c39e90264f33305004495a9","hash":"3bb8c6fabb24e9237016a72ef79793a119286a45"}
,"C:\\Users\\LENOVO\\Desktop\\CEDT\\SE Project\\SE-test\\se-project-be-68-2-we-are-greenflag\\models\\Reservation.js": {"path":"C:\\Users\\LENOVO\\Desktop\\CEDT\\SE Project\\SE-test\\se-project-be-68-2-we-are-greenflag\\models\\Reservation.js","statementMap":{"0":{"start":{"line":1,"column":17},"end":{"line":1,"column":36}},"1":{"start":{"line":3,"column":26},"end":{"line":37,"column":2}},"2":{"start":{"line":39,"column":0},"end":{"line":39,"column":66}}},"fnMap":{},"branchMap":{},"s":{"0":1,"1":1,"2":1},"f":{},"b":{},"_coverageSchema":"1a1c01bbd47fc00a2c39e90264f33305004495a9","hash":"f7760ee162692debd4e79a48a2639d68c7446f8a"}
}
