TN:
SF:controllers\coworkings.js
FN:6,(anonymous_0)
FN:23,(anonymous_1)
FN:38,(anonymous_2)
FN:50,(anonymous_3)
FN:69,(anonymous_4)
FNF:5
FNH:5
FNDA:2,(anonymous_0)
FNDA:3,(anonymous_1)
FNDA:2,(anonymous_2)
FNDA:3,(anonymous_3)
FNDA:3,(anonymous_4)
DA:1,1
DA:6,1
DA:7,2
DA:9,2
DA:11,1
DA:17,1
DA:23,1
DA:24,3
DA:25,3
DA:26,2
DA:27,1
DA:29,1
DA:31,1
DA:38,1
DA:39,2
DA:40,2
DA:41,1
DA:43,1
DA:50,1
DA:51,3
DA:53,3
DA:57,2
DA:58,1
DA:60,1
DA:62,1
DA:69,1
DA:70,3
DA:71,3
DA:73,2
DA:74,1
DA:76,1
DA:77,1
DA:79,1
DA:81,1
DA:83,1
LF:35
LH:35
BRDA:26,0,0,1
BRDA:26,0,1,1
BRDA:57,1,0,1
BRDA:57,1,1,1
BRDA:73,2,0,1
BRDA:73,2,1,1
BRF:6
BRH:6
end_of_record
TN:
SF:models\Coworking.js
FNF:0
FNH:0
DA:1,1
DA:3,1
DA:66,1
DA:73,1
LF:4
LH:4
BRF:0
BRH:0
end_of_record
TN:
SF:models\Reservation.js
FNF:0
FNH:0
DA:1,1
DA:3,1
DA:39,1
LF:3
LH:3
BRF:0
BRH:0
end_of_record
